# JRE version: OpenJDK Runtime Environment (8.0_152-b08) (build 1.8.0_152-release-915-b08)
# Java VM: OpenJDK 64-Bit Server VM (25.152-b08 mixed mode bsd-amd64 compressed oops)
Heap:
 PSYoungGen      total 345600K, used 171008K [0x00000007a0000000, 0x00000007c0000000, 0x00000007c0000000)
  eden space 171008K, 100% used [0x00000007a0000000,0x00000007aa700000,0x00000007aa700000)
  from space 174592K, 0% used [0x00000007aa700000,0x00000007aa700000,0x00000007b5180000)
  to   space 174592K, 0% used [0x00000007b5580000,0x00000007b5580000,0x00000007c0000000)
 ParOldGen       total 1048576K, used 1048377K [0x0000000760000000, 0x00000007a0000000, 0x00000007a0000000)
  object space 1048576K, 99% used [0x0000000760000000,0x000000079ffce7e8,0x00000007a0000000)
 Metaspace       used 192191K, capacity 207590K, committed 208856K, reserved 1230848K
  class space    used 23783K, capacity 27815K, committed 28160K, reserved 1048576K
GC Heap History (10 events):
Event: 14299.955 GC heap after
Heap after GC invocations=449 (full 332):
 PSYoungGen      total 345600K, used 171007K [0x00000007a0000000, 0x00000007c0000000, 0x00000007c0000000)
  eden space 171008K, 99% used [0x00000007a0000000,0x00000007aa6ffed0,0x00000007aa700000)
  from space 174592K, 0% used [0x00000007aa700000,0x00000007aa700000,0x00000007b5180000)
  to   space 174592K, 0% used [0x00000007b5580000,0x00000007b5580000,0x00000007c0000000)
 ParOldGen       total 1048576K, used 1048374K [0x0000000760000000, 0x00000007a0000000, 0x00000007a0000000)
  object space 1048576K, 99% used [0x0000000760000000,0x000000079ffcd980,0x00000007a0000000)
 Metaspace       used 192191K, capacity 207590K, committed 208856K, reserved 1230848K
  class space    used 23783K, capacity 27815K, committed 28160K, reserved 1048576K
}
Event: 14299.956 GC heap before
{Heap before GC invocations=450 (full 333):
 PSYoungGen      total 345600K, used 171008K [0x00000007a0000000, 0x00000007c0000000, 0x00000007c0000000)
  eden space 171008K, 100% used [0x00000007a0000000,0x00000007aa700000,0x00000007aa700000)
  from space 174592K, 0% used [0x00000007aa700000,0x00000007aa700000,0x00000007b5180000)
  to   space 174592K, 0% used [0x00000007b5580000,0x00000007b5580000,0x00000007c0000000)
 ParOldGen       total 1048576K, used 1048374K [0x0000000760000000, 0x00000007a0000000, 0x00000007a0000000)
  object space 1048576K, 99% used [0x0000000760000000,0x000000079ffcd980,0x00000007a0000000)
 Metaspace       used 192191K, capacity 207590K, committed 208856K, reserved 1230848K
  class space    used 23783K, capacity 27815K, committed 28160K, reserved 1048576K
Event: 14300.766 GC heap after
Heap after GC invocations=450 (full 333):
 PSYoungGen      total 345600K, used 171007K [0x00000007a0000000, 0x00000007c0000000, 0x00000007c0000000)
  eden space 171008K, 99% used [0x00000007a0000000,0x00000007aa6ffe98,0x00000007aa700000)
  from space 174592K, 0% used [0x00000007aa700000,0x00000007aa700000,0x00000007b5180000)
  to   space 174592K, 0% used [0x00000007b5580000,0x00000007b5580000,0x00000007c0000000)
 ParOldGen       total 1048576K, used 1048374K [0x0000000760000000, 0x00000007a0000000, 0x00000007a0000000)
  object space 1048576K, 99% used [0x0000000760000000,0x000000079ffcd980,0x00000007a0000000)
 Metaspace       used 192191K, capacity 207590K, committed 208856K, reserved 1230848K
  class space    used 23783K, capacity 27815K, committed 28160K, reserved 1048576K
}
Event: 14300.766 GC heap before
{Heap before GC invocations=451 (full 334):
 PSYoungGen      total 345600K, used 171008K [0x00000007a0000000, 0x00000007c0000000, 0x00000007c0000000)
  eden space 171008K, 100% used [0x00000007a0000000,0x00000007aa700000,0x00000007aa700000)
  from space 174592K, 0% used [0x00000007aa700000,0x00000007aa700000,0x00000007b5180000)
  to   space 174592K, 0% used [0x00000007b5580000,0x00000007b5580000,0x00000007c0000000)
 ParOldGen       total 1048576K, used 1048374K [0x0000000760000000, 0x00000007a0000000, 0x00000007a0000000)
  object space 1048576K, 99% used [0x0000000760000000,0x000000079ffcd980,0x00000007a0000000)
 Metaspace       used 192191K, capacity 207590K, committed 208856K, reserved 1230848K
  class space    used 23783K, capacity 27815K, committed 28160K, reserved 1048576K
Event: 14301.698 GC heap after
Heap after GC invocations=451 (full 334):
 PSYoungGen      total 345600K, used 171007K [0x00000007a0000000, 0x00000007c0000000, 0x00000007c0000000)
  eden space 171008K, 99% used [0x00000007a0000000,0x00000007aa6ffe40,0x00000007aa700000)
  from space 174592K, 0% used [0x00000007aa700000,0x00000007aa700000,0x00000007b5180000)
  to   space 174592K, 0% used [0x00000007b5580000,0x00000007b5580000,0x00000007c0000000)
 ParOldGen       total 1048576K, used 1048374K [0x0000000760000000, 0x00000007a0000000, 0x00000007a0000000)
  object space 1048576K, 99% used [0x0000000760000000,0x000000079ffcd980,0x00000007a0000000)
 Metaspace       used 192191K, capacity 207590K, committed 208856K, reserved 1230848K
  class space    used 23783K, capacity 27815K, committed 28160K, reserved 1048576K
}
Event: 14301.698 GC heap before
{Heap before GC invocations=452 (full 335):
 PSYoungGen      total 345600K, used 171008K [0x00000007a0000000, 0x00000007c0000000, 0x00000007c0000000)
  eden space 171008K, 100% used [0x00000007a0000000,0x00000007aa700000,0x00000007aa700000)
  from space 174592K, 0% used [0x00000007aa700000,0x00000007aa700000,0x00000007b5180000)
  to   space 174592K, 0% used [0x00000007b5580000,0x00000007b5580000,0x00000007c0000000)
 ParOldGen       total 1048576K, used 1048374K [0x0000000760000000, 0x00000007a0000000, 0x00000007a0000000)
  object space 1048576K, 99% used [0x0000000760000000,0x000000079ffcd980,0x00000007a0000000)
 Metaspace       used 192191K, capacity 207590K, committed 208856K, reserved 1230848K
  class space    used 23783K, capacity 27815K, committed 28160K, reserved 1048576K
Event: 14302.619 GC heap after
Heap after GC invocations=452 (full 335):
 PSYoungGen      total 345600K, used 171007K [0x00000007a0000000, 0x00000007c0000000, 0x00000007c0000000)
  eden space 171008K, 99% used [0x00000007a0000000,0x00000007aa6fff08,0x00000007aa700000)
  from space 174592K, 0% used [0x00000007aa700000,0x00000007aa700000,0x00000007b5180000)
  to   space 174592K, 0% used [0x00000007b5580000,0x00000007b5580000,0x00000007c0000000)
 ParOldGen       total 1048576K, used 1048374K [0x0000000760000000, 0x00000007a0000000, 0x00000007a0000000)
  object space 1048576K, 99% used [0x0000000760000000,0x000000079ffcd980,0x00000007a0000000)
 Metaspace       used 192191K, capacity 207590K, committed 208856K, reserved 1230848K
  class space    used 23783K, capacity 27815K, committed 28160K, reserved 1048576K
}
Event: 14302.619 GC heap before
{Heap before GC invocations=453 (full 336):
 PSYoungGen      total 345600K, used 171008K [0x00000007a0000000, 0x00000007c0000000, 0x00000007c0000000)
  eden space 171008K, 100% used [0x00000007a0000000,0x00000007aa700000,0x00000007aa700000)
  from space 174592K, 0% used [0x00000007aa700000,0x00000007aa700000,0x00000007b5180000)
  to   space 174592K, 0% used [0x00000007b5580000,0x00000007b5580000,0x00000007c0000000)
 ParOldGen       total 1048576K, used 1048379K [0x0000000760000000, 0x00000007a0000000, 0x00000007a0000000)
  object space 1048576K, 99% used [0x0000000760000000,0x000000079ffcef80,0x00000007a0000000)
 Metaspace       used 192191K, capacity 207590K, committed 208856K, reserved 1230848K
  class space    used 23783K, capacity 27815K, committed 28160K, reserved 1048576K
Event: 14303.528 GC heap after
Heap after GC invocations=453 (full 336):
 PSYoungGen      total 345600K, used 171007K [0x00000007a0000000, 0x00000007c0000000, 0x00000007c0000000)
  eden space 171008K, 99% used [0x00000007a0000000,0x00000007aa6ffc70,0x00000007aa700000)
  from space 174592K, 0% used [0x00000007aa700000,0x00000007aa700000,0x00000007b5180000)
  to   space 174592K, 0% used [0x00000007b5580000,0x00000007b5580000,0x00000007c0000000)
 ParOldGen       total 1048576K, used 1048377K [0x0000000760000000, 0x00000007a0000000, 0x00000007a0000000)
  object space 1048576K, 99% used [0x0000000760000000,0x000000079ffce7e8,0x00000007a0000000)
 Metaspace       used 192191K, capacity 207590K, committed 208856K, reserved 1230848K
  class space    used 23783K, capacity 27815K, committed 28160K, reserved 1048576K
}
Event: 14303.529 GC heap before
{Heap before GC invocations=454 (full 337):
 PSYoungGen      total 345600K, used 171008K [0x00000007a0000000, 0x00000007c0000000, 0x00000007c0000000)
  eden space 171008K, 100% used [0x00000007a0000000,0x00000007aa700000,0x00000007aa700000)
  from space 174592K, 0% used [0x00000007aa700000,0x00000007aa700000,0x00000007b5180000)
  to   space 174592K, 0% used [0x00000007b5580000,0x00000007b5580000,0x00000007c0000000)
 ParOldGen       total 1048576K, used 1048377K [0x0000000760000000, 0x00000007a0000000, 0x00000007a0000000)
  object space 1048576K, 99% used [0x0000000760000000,0x000000079ffce7e8,0x00000007a0000000)
 Metaspace       used 192191K, capacity 207590K, committed 208856K, reserved 1230848K
  class space    used 23783K, capacity 27815K, committed 28160K, reserved 1048576K

